<?xml version="1.0" encoding="UTF-8"?>
<testsuite xmlns:xsi="http://www.w3.org/2001/XMLSchema-instance" xsi:noNamespaceSchemaLocation="https://maven.apache.org/surefire/maven-surefire-plugin/xsd/surefire-test-report.xsd" name="Test" time="0.056" tests="1" errors="0" skipped="0" failures="0">
  <properties>
    <property name="sun.desktop" value="windows"/>
    <property name="awt.toolkit" value="sun.awt.windows.WToolkit"/>
    <property name="file.encoding.pkg" value="sun.io"/>
    <property name="java.specification.version" value="1.8"/>
    <property name="sun.cpu.isalist" value="amd64"/>
    <property name="sun.jnu.encoding" value="GBK"/>
    <property name="java.class.path" value="E:\homework_3\TTMS_WEB_SSM\target\test-classes;E:\homework_3\TTMS_WEB_SSM\target\classes;D:\Maven\Repo\junit\junit\4.11\junit-4.11.jar;D:\Maven\Repo\org\hamcrest\hamcrest-core\1.3\hamcrest-core-1.3.jar;D:\Maven\Repo\ch\qos\logback\logback-classic\1.1.1\logback-classic-1.1.1.jar;D:\Maven\Repo\ch\qos\logback\logback-core\1.1.1\logback-core-1.1.1.jar;D:\Maven\Repo\org\slf4j\slf4j-api\1.7.6\slf4j-api-1.7.6.jar;D:\Maven\Repo\mysql\mysql-connector-java\5.1.37\mysql-connector-java-5.1.37.jar;D:\Maven\Repo\c3p0\c3p0\0.9.1.2\c3p0-0.9.1.2.jar;D:\Maven\Repo\org\mybatis\mybatis\3.3.0\mybatis-3.3.0.jar;D:\Maven\Repo\org\mybatis\mybatis-spring\1.2.3\mybatis-spring-1.2.3.jar;D:\Maven\Repo\taglibs\standard\1.1.2\standard-1.1.2.jar;D:\Maven\Repo\jstl\jstl\1.2\jstl-1.2.jar;D:\Maven\Repo\com\fasterxml\jackson\core\jackson-databind\2.5.4\jackson-databind-2.5.4.jar;D:\Maven\Repo\com\fasterxml\jackson\core\jackson-annotations\2.5.0\jackson-annotations-2.5.0.jar;D:\Maven\Repo\com\fasterxml\jackson\core\jackson-core\2.5.4\jackson-core-2.5.4.jar;D:\Maven\Repo\javax\servlet\javax.servlet-api\3.1.0\javax.servlet-api-3.1.0.jar;D:\Maven\Repo\org\springframework\spring-core\4.3.14.RELEASE\spring-core-4.3.14.RELEASE.jar;D:\Maven\Repo\commons-logging\commons-logging\1.2\commons-logging-1.2.jar;D:\Maven\Repo\org\springframework\spring-beans\4.3.14.RELEASE\spring-beans-4.3.14.RELEASE.jar;D:\Maven\Repo\org\springframework\spring-context\4.3.14.RELEASE\spring-context-4.3.14.RELEASE.jar;D:\Maven\Repo\org\springframework\spring-aop\4.3.14.RELEASE\spring-aop-4.3.14.RELEASE.jar;D:\Maven\Repo\org\springframework\spring-expression\4.3.14.RELEASE\spring-expression-4.3.14.RELEASE.jar;D:\Maven\Repo\org\springframework\spring-jdbc\4.3.14.RELEASE\spring-jdbc-4.3.14.RELEASE.jar;D:\Maven\Repo\org\springframework\spring-tx\4.3.14.RELEASE\spring-tx-4.3.14.RELEASE.jar;D:\Maven\Repo\org\springframework\spring-web\4.3.14.RELEASE\spring-web-4.3.14.RELEASE.jar;D:\Maven\Repo\org\springframework\spring-webmvc\4.3.14.RELEASE\spring-webmvc-4.3.14.RELEASE.jar;D:\Maven\Repo\org\springframework\spring-test\4.3.14.RELEASE\spring-test-4.3.14.RELEASE.jar;D:\Maven\Repo\com\github\pagehelper\pagehelper\5.1.4\pagehelper-5.1.4.jar;D:\Maven\Repo\com\github\jsqlparser\jsqlparser\1.0\jsqlparser-1.0.jar;"/>
    <property name="java.vm.vendor" value="Oracle Corporation"/>
    <property name="sun.arch.data.model" value="64"/>
    <property name="user.variant" value=""/>
    <property name="java.vendor.url" value="http://java.oracle.com/"/>
    <property name="user.timezone" value=""/>
    <property name="java.vm.specification.version" value="1.8"/>
    <property name="os.name" value="Windows 10"/>
    <property name="user.country" value="CN"/>
    <property name="sun.java.launcher" value="SUN_STANDARD"/>
    <property name="sun.boot.library.path" value="E:\java\jdk1.8.0_131\jre\bin"/>
    <property name="sun.java.command" value="C:\Users\SHEEO\AppData\Local\Temp\surefire6798002465898551597\surefirebooter6563782712820274974.jar C:\Users\SHEEO\AppData\Local\Temp\surefire6798002465898551597 2018-06-13T09-38-39_504-jvmRun1 surefire447466924872169718tmp surefire_04238778978377601022tmp"/>
    <property name="surefire.test.class.path" value="E:\homework_3\TTMS_WEB_SSM\target\test-classes;E:\homework_3\TTMS_WEB_SSM\target\classes;D:\Maven\Repo\junit\junit\4.11\junit-4.11.jar;D:\Maven\Repo\org\hamcrest\hamcrest-core\1.3\hamcrest-core-1.3.jar;D:\Maven\Repo\ch\qos\logback\logback-classic\1.1.1\logback-classic-1.1.1.jar;D:\Maven\Repo\ch\qos\logback\logback-core\1.1.1\logback-core-1.1.1.jar;D:\Maven\Repo\org\slf4j\slf4j-api\1.7.6\slf4j-api-1.7.6.jar;D:\Maven\Repo\mysql\mysql-connector-java\5.1.37\mysql-connector-java-5.1.37.jar;D:\Maven\Repo\c3p0\c3p0\0.9.1.2\c3p0-0.9.1.2.jar;D:\Maven\Repo\org\mybatis\mybatis\3.3.0\mybatis-3.3.0.jar;D:\Maven\Repo\org\mybatis\mybatis-spring\1.2.3\mybatis-spring-1.2.3.jar;D:\Maven\Repo\taglibs\standard\1.1.2\standard-1.1.2.jar;D:\Maven\Repo\jstl\jstl\1.2\jstl-1.2.jar;D:\Maven\Repo\com\fasterxml\jackson\core\jackson-databind\2.5.4\jackson-databind-2.5.4.jar;D:\Maven\Repo\com\fasterxml\jackson\core\jackson-annotations\2.5.0\jackson-annotations-2.5.0.jar;D:\Maven\Repo\com\fasterxml\jackson\core\jackson-core\2.5.4\jackson-core-2.5.4.jar;D:\Maven\Repo\javax\servlet\javax.servlet-api\3.1.0\javax.servlet-api-3.1.0.jar;D:\Maven\Repo\org\springframework\spring-core\4.3.14.RELEASE\spring-core-4.3.14.RELEASE.jar;D:\Maven\Repo\commons-logging\commons-logging\1.2\commons-logging-1.2.jar;D:\Maven\Repo\org\springframework\spring-beans\4.3.14.RELEASE\spring-beans-4.3.14.RELEASE.jar;D:\Maven\Repo\org\springframework\spring-context\4.3.14.RELEASE\spring-context-4.3.14.RELEASE.jar;D:\Maven\Repo\org\springframework\spring-aop\4.3.14.RELEASE\spring-aop-4.3.14.RELEASE.jar;D:\Maven\Repo\org\springframework\spring-expression\4.3.14.RELEASE\spring-expression-4.3.14.RELEASE.jar;D:\Maven\Repo\org\springframework\spring-jdbc\4.3.14.RELEASE\spring-jdbc-4.3.14.RELEASE.jar;D:\Maven\Repo\org\springframework\spring-tx\4.3.14.RELEASE\spring-tx-4.3.14.RELEASE.jar;D:\Maven\Repo\org\springframework\spring-web\4.3.14.RELEASE\spring-web-4.3.14.RELEASE.jar;D:\Maven\Repo\org\springframework\spring-webmvc\4.3.14.RELEASE\spring-webmvc-4.3.14.RELEASE.jar;D:\Maven\Repo\org\springframework\spring-test\4.3.14.RELEASE\spring-test-4.3.14.RELEASE.jar;D:\Maven\Repo\com\github\pagehelper\pagehelper\5.1.4\pagehelper-5.1.4.jar;D:\Maven\Repo\com\github\jsqlparser\jsqlparser\1.0\jsqlparser-1.0.jar;"/>
    <property name="sun.cpu.endian" value="little"/>
    <property name="user.home" value="C:\Users\SHEEO"/>
    <property name="user.language" value="zh"/>
    <property name="java.specification.vendor" value="Oracle Corporation"/>
    <property name="java.home" value="E:\java\jdk1.8.0_131\jre"/>
    <property name="basedir" value="E:\homework_3\TTMS_WEB_SSM"/>
    <property name="file.separator" value="\"/>
    <property name="line.separator" value="&#10;"/>
    <property name="java.vm.specification.vendor" value="Oracle Corporation"/>
    <property name="java.specification.name" value="Java Platform API Specification"/>
    <property name="java.awt.graphicsenv" value="sun.awt.Win32GraphicsEnvironment"/>
    <property name="surefire.real.class.path" value="C:\Users\SHEEO\AppData\Local\Temp\surefire6798002465898551597\surefirebooter6563782712820274974.jar"/>
    <property name="sun.boot.class.path" value="E:\java\jdk1.8.0_131\jre\lib\resources.jar;E:\java\jdk1.8.0_131\jre\lib\rt.jar;E:\java\jdk1.8.0_131\jre\lib\sunrsasign.jar;E:\java\jdk1.8.0_131\jre\lib\jsse.jar;E:\java\jdk1.8.0_131\jre\lib\jce.jar;E:\java\jdk1.8.0_131\jre\lib\charsets.jar;E:\java\jdk1.8.0_131\jre\lib\jfr.jar;E:\java\jdk1.8.0_131\jre\classes"/>
    <property name="user.script" value=""/>
    <property name="sun.management.compiler" value="HotSpot 64-Bit Tiered Compilers"/>
    <property name="java.runtime.version" value="1.8.0_131-b11"/>
    <property name="user.name" value="SHEEO"/>
    <property name="path.separator" value=";"/>
    <property name="os.version" value="10.0"/>
    <property name="java.endorsed.dirs" value="E:\java\jdk1.8.0_131\jre\lib\endorsed"/>
    <property name="java.runtime.name" value="Java(TM) SE Runtime Environment"/>
    <property name="file.encoding" value="GBK"/>
    <property name="java.vm.name" value="Java HotSpot(TM) 64-Bit Server VM"/>
    <property name="localRepository" value="D:\Maven\Repo"/>
    <property name="java.vendor.url.bug" value="http://bugreport.sun.com/bugreport/"/>
    <property name="java.io.tmpdir" value="C:\Users\SHEEO\AppData\Local\Temp\"/>
    <property name="idea.version" value="2017.3.3"/>
    <property name="java.version" value="1.8.0_131"/>
    <property name="user.dir" value="E:\homework_3\TTMS_WEB_SSM"/>
    <property name="os.arch" value="amd64"/>
    <property name="java.vm.specification.name" value="Java Virtual Machine Specification"/>
    <property name="java.awt.printerjob" value="sun.awt.windows.WPrinterJob"/>
    <property name="sun.os.patch.level" value=""/>
    <property name="java.library.path" value="E:\java\jdk1.8.0_131\jre\bin;C:\WINDOWS\Sun\Java\bin;C:\WINDOWS\system32;C:\WINDOWS;C:\ProgramData\Oracle\Java\javapath;C:\WINDOWS\system32;C:\WINDOWS;C:\WINDOWS\System32\Wbem;C:\WINDOWS\System32\WindowsPowerShell\v1.0\;E:\java\jdk1.8.0_131\bin;E:\java\jdk1.8.0_131\bin;E:\java\jdk1.8.0_131\jre\bin;C:\Program Files\Microsoft SQL Server\Client SDK\ODBC\130\Tools\Binn\;C:\Program Files (x86)\Microsoft SQL Server\130\Tools\Binn\;C:\Program Files\Microsoft SQL Server\130\Tools\Binn\;C:\Program Files\Microsoft SQL Server\130\DTS\Binn\;C:\Program Files (x86)\Microsoft SQL Server\Client SDK\ODBC\130\Tools\Binn\;C:\Program Files (x86)\Microsoft SQL Server\130\DTS\Binn\;C:\Program Files (x86)\Microsoft SQL Server\130\Tools\Binn\ManagementStudio\;E:\Android\sdk2\platform-tools;D:\mysql-5.7.19-winx64\bin;C:\MinGW\bin;C:\Program Files\MySQL\MySQL Utilities 1.6\;D:\apache-maven-3.5.2-bin\apache-maven-3.5.2\bin;C:\Users\SHEEO\AppData\Local\Programs\Python\Python36-32\Scripts\;C:\Users\SHEEO\AppData\Local\Programs\Python\Python36-32\;C:\Users\SHEEO\AppData\Local\Microsoft\WindowsApps;E:\Android\sdk2\platform-tools;D:\Tomcat\Tomcat9.0\bin;C:\MinGW\bin;."/>
    <property name="java.vm.info" value="mixed mode"/>
    <property name="java.vendor" value="Oracle Corporation"/>
    <property name="java.vm.version" value="25.131-b11"/>
    <property name="java.ext.dirs" value="E:\java\jdk1.8.0_131\jre\lib\ext;C:\WINDOWS\Sun\Java\lib\ext"/>
    <property name="sun.io.unicode.encoding" value="UnicodeLittle"/>
    <property name="maven.repo.local" value="D:\Maven\Repo"/>
    <property name="java.class.version" value="52.0"/>
  </properties>
  <testcase name="Print" classname="Test" time="0.002"/>
</testsuite>